/cae/apps/data/synopsys-2017/common_2016-12/auxx/gui/dv/dv_setup.tcl
/cae/apps/data/synopsys-2017/common_2016-12/auxx/gui/syn/snpsSynProcs.tcl
/cae/apps/data/synopsys-2017/common_2016-12/auxx/gui/syn/layout/pkgIndex.tcl
/cae/apps/data/synopsys-2017/common_2016-12/auxx/gui/common/strokes/pkgIndex.tcl
/cae/apps/data/synopsys-2017/common_2016-12/auxx/gui/common/view/pkgIndex.tcl
/cae/apps/data/synopsys-2017/common_2016-12/auxx/gui/common/regressionToolkit/pkgIndex.tcl
/cae/apps/data/synopsys-2017/common_2016-12/auxx/gui/common/misc/pkgIndex.tcl
/cae/apps/data/synopsys-2017/common_2016-12/auxx/gui/common/qtcl/pkgIndex.tcl
/cae/apps/data/synopsys-2017/common_2016-12/auxx/gui/common/select/pkgIndex.tcl
/cae/apps/data/synopsys-2017/common_2016-12/auxx/gui/common/timing/pkgIndex.tcl
/cae/apps/data/synopsys-2017/common_2016-12/auxx/gui/common/table/pkgIndex.tcl
/cae/apps/data/synopsys-2017/common_2016-12/auxx/gui/common/schematic/pkgIndex.tcl
/cae/apps/data/synopsys-2017/common_2016-12/auxx/gui/common/pathinspector/pkgIndex.tcl
/cae/apps/data/synopsys-2017/common_2016-12/auxx/gui/common/palettegroup/pkgIndex.tcl
/cae/apps/data/synopsys-2017/common_2016-12/auxx/gui/common/commandform/pkgIndex.tcl
/cae/apps/data/synopsys-2017/common_2016-12/auxx/gui/common/histogram/pkgIndex.tcl
/cae/apps/data/synopsys-2017/common_2016-12/auxx/gui/common/layout/pkgIndex.tcl
/cae/apps/data/synopsys-2017/common_2016-12/auxx/gui/common/WindowFrameWork/pkgIndex.tcl
/cae/apps/data/synopsys-2017/common_2016-12/auxx/gui/common/menus/pkgIndex.tcl
/cae/apps/data/synopsys-2017/common_2016-12/auxx/gui/common/opdlg/pkgIndex.tcl
/cae/apps/data/synopsys-2017/common_2016-12/auxx/gui/common/highlight/pkgIndex.tcl
/cae/apps/data/synopsys-2017/common_2016-12/auxx/gui/common/fanoutviewer/pkgIndex.tcl
/cae/apps/data/synopsys-2017/common_2016-12/auxx/gui/common/setup/pkgIndex.tcl
/cae/apps/data/synopsys-2017/common_2016-12/auxx/gui/common/hierarchy/pkgIndex.tcl
/cae/apps/data/synopsys-2017/common_2016-12/auxx/gui/common/tiledview/pkgIndex.tcl
/cae/apps/data/synopsys-2017/common_2016-12/auxx/gui/common/docBrowser/pkgIndex.tcl
/cae/apps/data/synopsys-2017/common_2016-12/auxx/gui/common/profiler/pkgIndex.tcl
/cae/apps/data/synopsys-2017/common_2016-12/auxx/gui/common/tq/pkgIndex.tcl
/cae/apps/data/synopsys-2017/common_2016-12/auxx/gui/common/acg/pkgIndex.tcl
/cae/apps/data/synopsys-2017/common_2016-12/auxx/gui/common/dialogs/pkgIndex.tcl
/cae/apps/data/synopsys-2017/common_2016-12/auxx/gui/common/libviewer/pkgIndex.tcl
/cae/apps/data/synopsys-2017/common_2016-12/auxx/gui/common/tcl-dp/pkgIndex.tcl
/cae/apps/data/synopsys-2017/common_2016-12/auxx/gui/common/mrupalette/pkgIndex.tcl
/cae/apps/data/synopsys-2017/common_2016-12/auxx/gui/dv/pkgIndex.tcl
/cae/apps/data/synopsys-2017/common_2016-12/auxx/syn/lib/pkgIndex.tcl
/cae/apps/data/synopsys-2017/common_2016-12/auxx/tcllib/lib/iwidgets4.1/pkgIndex.tcl
/cae/apps/data/synopsys-2017/common_2016-12/auxx/tcllib/snps_tcl/snpsUtils/pkgIndex.tcl
/cae/apps/data/synopsys-2017/common_2016-12/auxx/tcllib/snps_tcl/snpsTclPro/pkgIndex.tcl
/cae/apps/data/synopsys-2017/common_2016-12/auxx/tcllib/snps_tcl/snpsTest/pkgIndex.tcl
/cae/apps/data/synopsys-2017/common_2016-12/auxx/tcllib/snps_tcl/pkgIndex.tcl
/cae/apps/data/synopsys-2017/common_2016-12/auxx/tcllib/lib/tcl8.6/http1.0/pkgIndex.tcl
/cae/apps/data/synopsys-2017/common_2016-12/auxx/tcllib/lib/tcl8.6/http/pkgIndex.tcl
/cae/apps/data/synopsys-2017/common_2016-12/auxx/tcllib/lib/tcl8.6/reg/pkgIndex.tcl
/cae/apps/data/synopsys-2017/common_2016-12/auxx/tcllib/lib/tcl8.6/dde/pkgIndex.tcl
/cae/apps/data/synopsys-2017/common_2016-12/auxx/tcllib/lib/tcl8.6/opt/pkgIndex.tcl
/cae/apps/data/synopsys-2017/common_2016-12/auxx/tcllib/lib/tcl8.6/msgcat/pkgIndex.tcl
/cae/apps/data/synopsys-2017/common_2016-12/auxx/tcllib/lib/tcl8.6/platform/pkgIndex.tcl
/cae/apps/data/synopsys-2017/common_2016-12/auxx/tcllib/lib/tcl8.6/tcltest/pkgIndex.tcl
/cae/apps/data/synopsys-2017/common_2016-12/auxx/gui/common/setup/snpsCommonSetup.tcl
/cae/apps/data/synopsys-2017/common_2016-12/auxx/gui/common/setup/snpsCustomize.tcl
/cae/apps/data/synopsys-2017/common_2016-12/auxx/gui/common/setup/snpsProcheck.tcl
/cae/apps/data/synopsys-2017/common_2016-12/auxx/gui/common/misc/base.tcl
/cae/apps/data/synopsys-2017/common_2016-12/auxx/gui/common/misc/timing.tcl
/cae/apps/data/synopsys-2017/common_2016-12/auxx/gui/common/misc/setting.tcl
/cae/apps/data/synopsys-2017/common_2016-12/auxx/gui/common/misc/preset.tcl
/cae/apps/data/synopsys-2017/common_2016-12/auxx/gui/common/WindowFrameWork/windowFrameWork.tcl
/cae/apps/data/synopsys-2017/common_2016-12/auxx/gui/common/WindowFrameWork/skipBusyCursorCmdList.tcl
/cae/apps/data/synopsys-2017/common_2016-12/auxx/gui/common/qtcl/.synopsys_qtcl.tcl
/cae/apps/data/synopsys-2017/common_2016-12/auxx/gui/common/highlight/highlight.tcl
/cae/apps/data/synopsys-2017/common_2016-12/auxx/gui/common/docBrowser/docBrowser.tcl
/cae/apps/data/synopsys-2017/common_2016-12/auxx/tcllib/snps_tcl/snpsUtils/snpsUtils.tcl
/cae/apps/data/synopsys-2017/common_2016-12/auxx/gui/common/dialogs/ObjectChooser.tcl
/cae/apps/data/synopsys-2017/common_2016-12/auxx/gui/common/misc/DialogObjectChooser.tcl
/cae/apps/data/synopsys-2017/common_2016-12/auxx/gui/common/dialogs/HistBinInformation.tcl
/cae/apps/data/synopsys-2017/common_2016-12/auxx/gui/common/dialogs/HistBin1Information.tcl
/cae/apps/data/synopsys-2017/common_2016-12/auxx/gui/common/dialogs/BinsOnlyInformation.tcl
/cae/apps/data/synopsys-2017/common_2016-12/auxx/gui/common/dialogs/FileChooser.tcl
/cae/apps/data/synopsys-2017/common_2016-12/auxx/gui/common/dialogs/PathPinSimpleInfo.tcl
/cae/apps/data/synopsys-2017/common_2016-12/auxx/gui/common/dialogs/PathsBasicInfo.tcl
/cae/apps/data/synopsys-2017/common_2016-12/auxx/gui/common/dialogs/PathsBasicSimpleInfo.tcl
/cae/apps/data/synopsys-2017/common_2016-12/auxx/gui/common/dialogs/SlctOperationInfo.tcl
/cae/apps/data/synopsys-2017/common_2016-12/auxx/gui/common/dialogs/ObjectListInfo.tcl
/cae/apps/data/synopsys-2017/common_2016-12/auxx/gui/common/dialogs/FanInOutInfo.tcl
/cae/apps/data/synopsys-2017/common_2016-12/auxx/gui/common/dialogs/NumberOfLevelsChooser.tcl
/cae/apps/data/synopsys-2017/common_2016-12/auxx/gui/common/dialogs/WindowReuseInfo.tcl
/cae/apps/data/synopsys-2017/common_2016-12/auxx/gui/common/dialogs/ReportOutputOptionInfo.tcl
/cae/apps/data/synopsys-2017/common_2016-12/auxx/gui/common/setup/snpsCollections.tcl
/cae/apps/data/synopsys-2017/common_2016-12/auxx/gui/common/dialogs/CompileLinkDesign.tcl
/cae/apps/data/synopsys-2017/common_2016-12/auxx/gui/common/histogram/DialogEndpointSlack.tcl
/cae/apps/data/synopsys-2017/common_2016-12/auxx/gui/common/histogram/DialogPathsSlack.tcl
/cae/apps/data/synopsys-2017/common_2016-12/auxx/gui/common/histogram/DialogNetCapacitance.tcl
/cae/apps/data/synopsys-2017/common_2016-12/auxx/gui/common/schematic/DialogPathSchematicFanInOut.tcl
/cae/apps/data/synopsys-2017/common_2016-12/auxx/gui/common/schematic/DialogPathSchematicAddPaths.tcl
/userspace/a/anadkat/ECE551/Project/QuadCopter.dc
/cae/apps/data/tsmclibs-2013/digital/Front_End/timing_power_noise/NLDM/tcbn40lpbwp_120b/tcbn40lpbwptc.db
/cae/apps/data/tsmclibs-2013/digital/Front_End/timing_power_noise/NLDM/tpfn45gsgv18_120a/tpfn45gsgv18tc.db
/cae/apps/data/synopsys-2017/common_2016-12/libraries/syn/gtech.db
/cae/apps/data/synopsys-2017/common_2016-12/libraries/syn/standard.sldb
/userspace/a/anadkat/synopsys_cache_M-2016.12/DW01/DW01_inc/rpl/4/tcbn40lpbwptc_2041/element.ddc
/userspace/a/anadkat/synopsys_cache_M-2016.12/DW01/DW01_inc/rpl/5/tcbn40lpbwptc_2041/element.ddc
/userspace/a/anadkat/synopsys_cache_M-2016.12/DW01/DW01_cmp2/rpl/17/tcbn40lpbwptc_2041/element.ddc
/userspace/a/anadkat/synopsys_cache_M-2016.12/DW01/DW01_inc/rpl/20/tcbn40lpbwptc_2041/element.ddc
/userspace/a/anadkat/synopsys_cache_M-2016.12/DW01/DW01_sub/rpl/10/tcbn40lpbwptc_2041/element.ddc
/userspace/a/anadkat/synopsys_cache_M-2016.12/DW01/DW01_sub/rpl/17/tcbn40lpbwptc_2041/element.ddc
/userspace/a/anadkat/synopsys_cache_M-2016.12/DW01/DW01_add/rpl/13/tcbn40lpbwptc_2041/element.ddc
/userspace/a/anadkat/synopsys_cache_M-2016.12/DW01/DW01_add/rpl/10/tcbn40lpbwptc_2041/element.ddc
/userspace/a/anadkat/synopsys_cache_M-2016.12/DW01/DW01_inc/rpl/16/tcbn40lpbwptc_2041/element.ddc
/userspace/a/anadkat/synopsys_cache_M-2016.12/DW01/DW01_add/rpl/20/tcbn40lpbwptc_2041/element.ddc
/userspace/a/anadkat/synopsys_cache_M-2016.12/DW01/DW01_add/rpl/27/tcbn40lpbwptc_2041/element.ddc
/userspace/a/anadkat/synopsys_cache_M-2016.12/DW01/DW01_cmp2/rpl/16/tcbn40lpbwptc_2041/element.ddc
/userspace/a/anadkat/synopsys_cache_M-2016.12/DW01/DW01_inc/rpl/11/tcbn40lpbwptc_2041/element.ddc
/userspace/a/anadkat/synopsys_cache_M-2016.12/DW01/DW01_sub/rpl/16/tcbn40lpbwptc_2041/element.ddc
/userspace/a/anadkat/synopsys_cache_M-2016.12/DW01/DW01_inc/rpl/26/tcbn40lpbwptc_2041/element.ddc
/userspace/a/anadkat/synopsys_cache_M-2016.12/DW01/DW01_dec/rpl/12/tcbn40lpbwptc_2041/element.ddc
/userspace/a/anadkat/synopsys_cache_M-2016.12/DW01/DW01_sub/rpl/17/tcbn40lpbwptc_2041_5113_4702/element.ddc
/userspace/a/anadkat/synopsys_cache_M-2016.12/DW01/DW01_sub/cla/17/tcbn40lpbwptc_2041_5113_4702/element.ddc
/userspace/a/anadkat/synopsys_cache_M-2016.12/DW02/DW02_mult/csa/16/10/tcbn40lpbwptc_2041_5113_4702/element.ddc
/userspace/a/anadkat/synopsys_cache_M-2016.12/DW02/DW02_mult/csa/17/10/tcbn40lpbwptc_2041_5113_4702/element.ddc
/userspace/a/anadkat/synopsys_cache_M-2016.12/DW01/DW01_add/rpl/12/tcbn40lpbwptc_2041_5113_4702/element.ddc
/userspace/a/anadkat/synopsys_cache_M-2016.12/DW01/DW01_add/cla/12/tcbn40lpbwptc_2041_5113_4702/element.ddc
/userspace/a/anadkat/synopsys_cache_M-2016.12/DW01/DW01_add/rpl/17/tcbn40lpbwptc_2041_5113_4702/element.ddc
/userspace/a/anadkat/synopsys_cache_M-2016.12/DW01/DW01_add/cla/17/tcbn40lpbwptc_2041_5113_4702/element.ddc
/userspace/a/anadkat/synopsys_cache_M-2016.12/DW01/DW01_add/rpl/13/tcbn40lpbwptc_2041_5113_4702/element.ddc
/userspace/a/anadkat/synopsys_cache_M-2016.12/DW01/DW01_add/cla/13/tcbn40lpbwptc_2041_5113_4702/element.ddc
/userspace/a/anadkat/synopsys_cache_M-2016.12/DW01/DW01_sub/rpl/13/tcbn40lpbwptc_2041_5113_4702/element.ddc
/userspace/a/anadkat/synopsys_cache_M-2016.12/DW01/DW01_sub/cla/13/tcbn40lpbwptc_2041_5113_4702/element.ddc
/userspace/a/anadkat/synopsys_cache_M-2016.12/DW01/DW01_add/rpl/27/tcbn40lpbwptc_2041_5113_4702/element.ddc
/userspace/a/anadkat/synopsys_cache_M-2016.12/DW01/DW01_add/cla/27/tcbn40lpbwptc_2041_5113_4702/element.ddc
/userspace/a/anadkat/synopsys_cache_M-2016.12/DW02/DW02_mult/csa/6/4/tcbn40lpbwptc_2041_5113_4702/element.ddc
/userspace/a/anadkat/synopsys_cache_M-2016.12/DW02/DW02_mult/csa/4/6/tcbn40lpbwptc_2041_5113_4702/element.ddc
/userspace/a/anadkat/synopsys_cache_M-2016.12/DW02/DW02_mult/csa/17/10/tcbn40lpbwptc_2041/element.ddc
/userspace/a/anadkat/synopsys_cache_M-2016.12/DW01/DW01_add/cla/25/tcbn40lpbwptc_2041/element.ddc
/userspace/a/anadkat/synopsys_cache_M-2016.12/DW02/DW02_mult/csa/16/10/tcbn40lpbwptc_2041/element.ddc
/userspace/a/anadkat/synopsys_cache_M-2016.12/DW01/DW01_add/cla/24/tcbn40lpbwptc_2041/element.ddc
/userspace/a/anadkat/synopsys_cache_M-2016.12/DW01/DW01_add/rpl/17/tcbn40lpbwptc_2041/element.ddc
/userspace/a/anadkat/synopsys_cache_M-2016.12/DW01/DW01_add/rpl/12/tcbn40lpbwptc_2041/element.ddc
/userspace/a/anadkat/synopsys_cache_M-2016.12/DW01/DW01_sub/rpl/13/tcbn40lpbwptc_2041/element.ddc
/userspace/a/anadkat/synopsys_cache_M-2016.12/DW02/DW02_mult/csa/6/4/tcbn40lpbwptc_2041/element.ddc
/userspace/a/anadkat/synopsys_cache_M-2016.12/DW01/DW01_add/cla/8/tcbn40lpbwptc_2041/element.ddc
/userspace/a/anadkat/synopsys_cache_M-2016.12/DW01/DW01_add/cla/25/tcbn40lpbwptc_2041_8682_4702/element.ddc
/userspace/a/anadkat/synopsys_cache_M-2016.12/DW01/DW01_add/cla/25/tcbn40lpbwptc_2041/element.ddc
/userspace/a/anadkat/synopsys_cache_M-2016.12/DW01/DW01_add/cla/24/tcbn40lpbwptc_2041_8682_4702/element.ddc
/userspace/a/anadkat/synopsys_cache_M-2016.12/DW01/DW01_add/cla/24/tcbn40lpbwptc_2041/element.ddc
/userspace/a/anadkat/synopsys_cache_M-2016.12/DW01/DW01_sub/rpl/10/tcbn40lpbwptc_2041_8682_4702/element.ddc
/userspace/a/anadkat/synopsys_cache_M-2016.12/DW01/DW01_sub/cla/10/tcbn40lpbwptc_2041_8682_4702/element.ddc
/userspace/a/anadkat/synopsys_cache_M-2016.12/DW01/DW01_sub/cla/10/tcbn40lpbwptc_2041/element.ddc
/userspace/a/anadkat/synopsys_cache_M-2016.12/DW01/DW01_sub/rpl/17/tcbn40lpbwptc_2041_8682_4702/element.ddc
/userspace/a/anadkat/synopsys_cache_M-2016.12/DW01/DW01_sub/cla/17/tcbn40lpbwptc_2041_8682_4702/element.ddc
/userspace/a/anadkat/synopsys_cache_M-2016.12/DW01/DW01_sub/cla/17/tcbn40lpbwptc_2041/element.ddc
/userspace/a/anadkat/synopsys_cache_M-2016.12/DW01/DW01_sub/rpl/17/tcbn40lpbwptc_2041/element.ddc
/cae/apps/data/tsmclibs-2013/digital/Front_End/timing_power_noise/NLDM/tcbn40lpbwp_120b/tcbn40lpbwptc.db
/cae/apps/data/tsmclibs-2013/digital/Front_End/timing_power_noise/NLDM/tpfn45gsgv18_120a/tpfn45gsgv18tc.db
/cae/apps/data/tsmclibs-2013/digital/Front_End/timing_power_noise/NLDM/tcbn40lpbwp_120b/tcbn40lpbwptc.db
/userspace/a/anadkat/ECE551/Project/alib-52/tcbn40lpbwptc.db.alib
/cae/apps/data/tsmclibs-2013/digital/Front_End/timing_power_noise/NLDM/tpfn45gsgv18_120a/tpfn45gsgv18tc.db
/userspace/a/anadkat/ECE551/Project/alib-52/tpfn45gsgv18tc.db.alib
/cae/apps/data/synopsys-2017/common_2016-12/libraries/syn/dw_foundation.sldb
/cae/apps/data/tsmclibs-2013/digital/Front_End/timing_power_noise/NLDM/tcbn40lpbwp_120b/tcbn40lpbwptc.db
/cae/apps/data/tsmclibs-2013/digital/Front_End/timing_power_noise/NLDM/tpfn45gsgv18_120a/tpfn45gsgv18tc.db
/cae/apps/data/tsmclibs-2013/digital/Front_End/timing_power_noise/NLDM/tcbn40lpbwp_120b/tcbn40lpbwptc.db
/cae/apps/data/tsmclibs-2013/digital/Front_End/timing_power_noise/NLDM/tpfn45gsgv18_120a/tpfn45gsgv18tc.db
/userspace/a/anadkat/ECE551/Project/alib-52/tcbn40lpbwptc.db.alib
/userspace/a/anadkat/ECE551/Project/alib-52/tpfn45gsgv18tc.db.alib
/userspace/a/anadkat/synopsys_cache_M-2016.12/DW01/DW01_NAND2/str/tcbn40lpbwptc_2041/element.ddc
/cae/apps/data/tsmclibs-2013/digital/Front_End/timing_power_noise/NLDM/tcbn40lpbwp_120b/tcbn40lpbwptc.db
/cae/apps/data/tsmclibs-2013/digital/Front_End/timing_power_noise/NLDM/tpfn45gsgv18_120a/tpfn45gsgv18tc.db
/cae/apps/data/tsmclibs-2013/digital/Front_End/timing_power_noise/NLDM/tcbn40lpbwp_120b/tcbn40lpbwptc.db
/cae/apps/data/tsmclibs-2013/digital/Front_End/timing_power_noise/NLDM/tpfn45gsgv18_120a/tpfn45gsgv18tc.db
