Information: Updating design information... (UID-85)
Warning: Design 'QuadCopter' contains 1 high-fanout nets. A fanout number of 1000 will be used for delay calculations involving these nets. (TIM-134)
 
****************************************
Report : timing
        -path full
        -delay max
        -max_paths 1
Design : QuadCopter
Version: M-2016.12
Date   : Mon Dec 11 11:02:04 2017
****************************************

 # A fanout number of 1000 was used for high fanout net computations.

Operating Conditions: NCCOM   Library: tcbn40lpbwptc
Wire Load Model Mode: segmented

  Startpoint: iCMD/d_roll_reg[1]
              (rising edge-triggered flip-flop clocked by clk)
  Endpoint: ifly/roll_dterm_flopd_reg[7]
            (rising edge-triggered flip-flop clocked by clk)
  Path Group: clk
  Path Type: max

  Des/Clust/Port     Wire Load Model       Library
  ------------------------------------------------
  QuadCopter         TSMC32K_Lowk_Conservative
                                           tcbn40lpbwptc

  Point                                                   Incr       Path
  --------------------------------------------------------------------------
  clock clk (rise edge)                                   0.00       0.00
  clock network delay (ideal)                             0.00       0.00
  iCMD/d_roll_reg[1]/CP (DFCNQD1BWP)                      0.00 #     0.00 r
  iCMD/d_roll_reg[1]/Q (DFCNQD1BWP)                       0.14       0.14 r
  U4995/ZN (CKND0BWP)                                     0.04       0.18 f
  U4996/ZN (NR2XD0BWP)                                    0.05       0.23 r
  U4997/ZN (OAI22D2BWP)                                   0.05       0.27 f
  U4999/ZN (OAI22D2BWP)                                   0.04       0.32 r
  U5001/ZN (OAI22D2BWP)                                   0.05       0.36 f
  U5002/ZN (OAI22D2BWP)                                   0.04       0.41 r
  U2668/ZN (ND2D1BWP)                                     0.04       0.45 f
  U5003/ZN (IOA21D2BWP)                                   0.03       0.48 r
  U5004/ZN (ND2D2BWP)                                     0.02       0.50 f
  U5005/ZN (IOA21D2BWP)                                   0.03       0.52 r
  U5006/ZN (IOA21D2BWP)                                   0.03       0.55 f
  U5009/ZN (AOI211D2BWP)                                  0.06       0.61 r
  U5011/ZN (OAI21D2BWP)                                   0.05       0.66 f
  U5013/ZN (OAI22D2BWP)                                   0.05       0.71 r
  U5018/ZN (ND2D1BWP)                                     0.06       0.77 f
  U3122/ZN (ND2D1BWP)                                     0.04       0.81 r
  U2642/ZN (ND2D1BWP)                                     0.03       0.84 f
  U5021/ZN (OAI21D1BWP)                                   0.04       0.88 r
  U2982/ZN (ND4D2BWP)                                     0.05       0.93 f
  U4644/ZN (CKND0BWP)                                     0.04       0.96 r
  U4309/Z (AO31D1BWP)                                     0.08       1.05 r
  U4310/ZN (INVD2BWP)                                     0.04       1.09 f
  U4315/ZN (IND2D1BWP)                                    0.08       1.17 f
  U5036/ZN (ND2D1BWP)                                     0.06       1.23 r
  U5049/ZN (INVD1BWP)                                     0.03       1.26 f
  U5050/ZN (ND3D1BWP)                                     0.03       1.29 r
  U2999/ZN (IND3D2BWP)                                    0.05       1.34 f
  U4483/ZN (AOI21D4BWP)                                   0.06       1.40 r
  U3639/ZN (OAI21D0BWP)                                   0.05       1.46 f
  U3638/Z (CKXOR2D1BWP)                                   0.07       1.52 f
  U2766/ZN (INVD1BWP)                                     0.03       1.55 r
  U2754/ZN (ND4D1BWP)                                     0.06       1.61 f
  U5065/ZN (ND2D2BWP)                                     0.05       1.67 r
  U5066/ZN (ND2D1BWP)                                     0.04       1.71 f
  U5069/ZN (ND2D1BWP)                                     0.05       1.76 r
  U4652/ZN (INR2XD1BWP)                                   0.08       1.83 r
  U3817/ZN (XNR2D1BWP)                                    0.09       1.92 f
  U3816/ZN (CKND0BWP)                                     0.04       1.97 r
  U5074/ZN (MUX2ND0BWP)                                   0.04       2.01 f
  U3814/ZN (CKND0BWP)                                     0.03       2.04 r
  U2556/ZN (CKND0BWP)                                     0.04       2.08 f
  U5075/ZN (OAI22D2BWP)                                   0.05       2.13 r
  U5076/ZN (OAI22D2BWP)                                   0.04       2.18 f
  U5077/ZN (OAI22D2BWP)                                   0.04       2.22 r
  U2729/ZN (INVD1BWP)                                     0.03       2.25 f
  U6275/ZN (MAOI222D1BWP)                                 0.06       2.31 r
  ifly/roll_dterm_flopd_reg[7]/D (DFCNQD1BWP)             0.00       2.31 r
  data arrival time                                                  2.31

  clock clk (rise edge)                                   2.50       2.50
  clock network delay (ideal)                             0.00       2.50
  clock uncertainty                                      -0.15       2.35
  ifly/roll_dterm_flopd_reg[7]/CP (DFCNQD1BWP)            0.00       2.35 r
  library setup time                                     -0.04       2.31
  data required time                                                 2.31
  --------------------------------------------------------------------------
  data required time                                                 2.31
  data arrival time                                                 -2.31
  --------------------------------------------------------------------------
  slack (MET)                                                        0.00


1
