 
****************************************
Report : timing
        -path full
        -delay min
        -max_paths 1
Design : QuadCopter
Version: M-2016.12
Date   : Mon Dec 11 11:02:04 2017
****************************************

 # A fanout number of 1000 was used for high fanout net computations.

Operating Conditions: NCCOM   Library: tcbn40lpbwptc
Wire Load Model Mode: segmented

  Startpoint: iNEMO/spi/rd_data_reg[2]
              (rising edge-triggered flip-flop clocked by clk)
  Endpoint: iNEMO/yaw_h_reg[2]
            (rising edge-triggered flip-flop clocked by clk)
  Path Group: clk
  Path Type: min

  Des/Clust/Port     Wire Load Model       Library
  ------------------------------------------------
  QuadCopter         TSMC32K_Lowk_Conservative
                                           tcbn40lpbwptc

  Point                                                   Incr       Path
  --------------------------------------------------------------------------
  clock clk (rise edge)                                   0.00       0.00
  clock network delay (ideal)                             0.00       0.00
  iNEMO/spi/rd_data_reg[2]/CP (DFCNQD1BWP)                0.00 #     0.00 r
  iNEMO/spi/rd_data_reg[2]/Q (DFCNQD1BWP)                 0.13       0.13 f
  iNEMO/yaw_h_reg[2]/D (EDFCND1BWP)                       0.00       0.13 f
  data arrival time                                                  0.13

  clock clk (rise edge)                                   0.00       0.00
  clock network delay (ideal)                             0.00       0.00
  clock uncertainty                                       0.15       0.15
  iNEMO/yaw_h_reg[2]/CP (EDFCND1BWP)                      0.00       0.15 r
  library hold time                                      -0.02       0.13
  data required time                                                 0.13
  --------------------------------------------------------------------------
  data required time                                                 0.13
  data arrival time                                                 -0.13
  --------------------------------------------------------------------------
  slack (MET)                                                        0.00


1
