 
****************************************
Report : timing
        -path full
        -delay max
        -max_paths 1
Design : mult_accum_gated
Version: M-2016.12
Date   : Mon Nov 20 10:51:02 2017
****************************************

Operating Conditions: NCCOM   Library: tcbn40lpbwptc
Wire Load Model Mode: segmented

  Startpoint: en (input port clocked by clk)
  Endpoint: clk_en_lat_reg
            (negative level-sensitive latch clocked by clk)
  Path Group: clk
  Path Type: max

  Des/Clust/Port     Wire Load Model       Library
  ------------------------------------------------
  mult_accum_gated   TSMC32K_Lowk_Conservative
                                           tcbn40lpbwptc

  Point                                    Incr       Path
  -----------------------------------------------------------
  clock clk (rise edge)                    0.00       0.00
  clock network delay (ideal)              0.00       0.00
  input external delay                     0.75       0.75 r
  en (in)                                  0.02       0.77 r
  clk_en_lat_reg/D (LNQD1BWP)              0.00       0.77 r
  data arrival time                                   0.77

  clock clk (fall edge)                    1.25       1.25
  clock network delay (ideal)              0.00       1.25
  clk_en_lat_reg/EN (LNQD1BWP)             0.00       1.25 f
  time borrowed from endpoint              0.00       1.25
  data required time                                  1.25
  -----------------------------------------------------------
  data required time                                  1.25
  data arrival time                                  -0.77
  -----------------------------------------------------------
  slack (MET)                                         0.48

  Time Borrowing Information
  -----------------------------------------------
  clk nominal pulse width                  1.25   
  library setup time                      -0.05   
  -----------------------------------------------
  max time borrow                          1.20   
  actual time borrow                       0.00   
  -----------------------------------------------


1
