 
****************************************
Report : area
Design : mult_accum
Version: M-2016.12
Date   : Mon Nov 20 10:17:03 2017
****************************************

Information: Updating design information... (UID-85)
Library(s) Used:

    tcbn40lpbwptc (File: /cae/apps/data/tsmclibs-2013/digital/Front_End/timing_power_noise/NLDM/tcbn40lpbwp_120b/tcbn40lpbwptc.db)

Number of ports:                           83
Number of nets:                           634
Number of cells:                          573
Number of combinational cells:            492
Number of sequential cells:                81
Number of macros/black boxes:               0
Number of buf/inv:                        148
Number of references:                      77

Combinational area:                794.505610
Buf/Inv area:                      230.554807
Noncombinational area:             417.009592
Macro/Black Box area:                0.000000
Net Interconnect area:      undefined  (Wire load has zero net area)

Total cell area:                  1211.515202
Total area:                 undefined
1
