 
****************************************
Report : timing
        -path full
        -delay min
        -max_paths 1
Design : mult_accum
Version: M-2016.12
Date   : Mon Nov 20 10:16:58 2017
****************************************

Operating Conditions: NCCOM   Library: tcbn40lpbwptc
Wire Load Model Mode: segmented

  Startpoint: accum_reg[50]
              (rising edge-triggered flip-flop clocked by clk)
  Endpoint: accum_reg[50]
            (rising edge-triggered flip-flop clocked by clk)
  Path Group: clk
  Path Type: min

  Des/Clust/Port     Wire Load Model       Library
  ------------------------------------------------
  mult_accum         TSMC32K_Lowk_Conservative
                                           tcbn40lpbwptc
  mult_accum_DW01_add_2
                     ZeroWireload          tcbn40lpbwptc

  Point                                                   Incr       Path
  --------------------------------------------------------------------------
  clock clk (rise edge)                                   0.00       0.00
  clock network delay (ideal)                             0.00       0.00
  accum_reg[50]/CP (EDFKCNQD1BWP)                         0.00       0.00 r
  accum_reg[50]/Q (EDFKCNQD1BWP)                          0.12       0.12 f
  add_27/A[50] (mult_accum_DW01_add_2)                    0.00       0.12 f
  add_27/U181/Z (XOR2D1BWP)                               0.05       0.18 f
  add_27/SUM[50] (mult_accum_DW01_add_2)                  0.00       0.18 f
  accum_reg[50]/D (EDFKCNQD1BWP)                          0.00       0.18 f
  data arrival time                                                  0.18

  clock clk (rise edge)                                   0.00       0.00
  clock network delay (ideal)                             0.00       0.00
  accum_reg[50]/CP (EDFKCNQD1BWP)                         0.00       0.00 r
  library hold time                                      -0.04      -0.04
  data required time                                                -0.04
  --------------------------------------------------------------------------
  data required time                                                -0.04
  data arrival time                                                 -0.18
  --------------------------------------------------------------------------
  slack (MET)                                                        0.22


1
